-------------------------------------------------------------------------------
Test set: com.example.demo.EstudeProjectApplicationTests
-------------------------------------------------------------------------------
Tests run: 1, Failures: 0, Errors: 1, Skipped: 0, Time elapsed: 0.346 s <<< FAILURE! - in com.example.demo.EstudeProjectApplicationTests
com.example.demo.EstudeProjectApplicationTests  Time elapsed: 0.342 s  <<< ERROR!
java.lang.IllegalStateException: Unable to find a @SpringBootConfiguration, you need to use @ContextConfiguration or @SpringBootTest(classes=...) with your test

